# JRE version: Java(TM) SE Runtime Environment (7.0_67-b01) (build 1.7.0_67-b01)
# Java VM: Java HotSpot(TM) 64-Bit Server VM (24.65-b04 mixed mode linux-amd64 compressed oops)
Heap
 PSYoungGen      total 397824K, used 8480K [0x00000000d9c00000, 0x00000000f2e00000, 0x0000000100000000)
  eden space 385024K, 0% used [0x00000000d9c00000,0x00000000d9c00000,0x00000000f1400000)
  from space 12800K, 66% used [0x00000000f1400000,0x00000000f1c48030,0x00000000f2080000)
  to   space 11776K, 0% used [0x00000000f2080000,0x00000000f2080000,0x00000000f2c00000)
 ParOldGen       total 78336K, used 21790K [0x000000008d400000, 0x0000000092080000, 0x00000000d9c00000)
  object space 78336K, 27% used [0x000000008d400000,0x000000008e947a28,0x0000000092080000)
 PSPermGen       total 40960K, used 40534K [0x0000000088200000, 0x000000008aa00000, 0x000000008d400000)
  object space 40960K, 98% used [0x0000000088200000,0x000000008a9959c8,0x000000008aa00000)
GC Heap History (10 events):
Event: 33.500 GC heap after
Heap after GC invocations=6 (full 0):
 PSYoungGen      total 131584K, used 7297K [0x00000000d9c00000, 0x00000000e2800000, 0x0000000100000000)
  eden space 120832K, 0% used [0x00000000d9c00000,0x00000000d9c00000,0x00000000e1200000)
  from space 10752K, 67% used [0x00000000e1d80000,0x00000000e24a0698,0x00000000e2800000)
  to   space 11264K, 0% used [0x00000000e1200000,0x00000000e1200000,0x00000000e1d00000)
 ParOldGen       total 78336K, used 13732K [0x000000008d400000, 0x0000000092080000, 0x00000000d9c00000)
  object space 78336K, 17% used [0x000000008d400000,0x000000008e169288,0x0000000092080000)
 PSPermGen       total 31232K, used 31100K [0x0000000088200000, 0x000000008a080000, 0x000000008d400000)
  object space 31232K, 99% used [0x0000000088200000,0x000000008a05f378,0x000000008a080000)
}
Event: 38.094 GC heap before
{Heap before GC invocations=7 (full 0):
 PSYoungGen      total 131584K, used 128129K [0x00000000d9c00000, 0x00000000e2800000, 0x0000000100000000)
  eden space 120832K, 100% used [0x00000000d9c00000,0x00000000e1200000,0x00000000e1200000)
  from space 10752K, 67% used [0x00000000e1d80000,0x00000000e24a0698,0x00000000e2800000)
  to   space 11264K, 0% used [0x00000000e1200000,0x00000000e1200000,0x00000000e1d00000)
 ParOldGen       total 78336K, used 13732K [0x000000008d400000, 0x0000000092080000, 0x00000000d9c00000)
  object space 78336K, 17% used [0x000000008d400000,0x000000008e169288,0x0000000092080000)
 PSPermGen       total 32256K, used 31773K [0x0000000088200000, 0x000000008a180000, 0x000000008d400000)
  object space 32256K, 98% used [0x0000000088200000,0x000000008a107600,0x000000008a180000)
Event: 38.193 GC heap after
Heap after GC invocations=7 (full 0):
 PSYoungGen      total 132096K, used 3892K [0x00000000d9c00000, 0x00000000e9e00000, 0x0000000100000000)
  eden space 120832K, 0% used [0x00000000d9c00000,0x00000000d9c00000,0x00000000e1200000)
  from space 11264K, 34% used [0x00000000e1200000,0x00000000e15cd020,0x00000000e1d00000)
  to   space 11264K, 0% used [0x00000000e9300000,0x00000000e9300000,0x00000000e9e00000)
 ParOldGen       total 78336K, used 16090K [0x000000008d400000, 0x0000000092080000, 0x00000000d9c00000)
  object space 78336K, 20% used [0x000000008d400000,0x000000008e3b6938,0x0000000092080000)
 PSPermGen       total 32256K, used 31773K [0x0000000088200000, 0x000000008a180000, 0x000000008d400000)
  object space 32256K, 98% used [0x0000000088200000,0x000000008a107600,0x000000008a180000)
}
Event: 39.278 GC heap before
{Heap before GC invocations=8 (full 0):
 PSYoungGen      total 132096K, used 124724K [0x00000000d9c00000, 0x00000000e9e00000, 0x0000000100000000)
  eden space 120832K, 100% used [0x00000000d9c00000,0x00000000e1200000,0x00000000e1200000)
  from space 11264K, 34% used [0x00000000e1200000,0x00000000e15cd020,0x00000000e1d00000)
  to   space 11264K, 0% used [0x00000000e9300000,0x00000000e9300000,0x00000000e9e00000)
 ParOldGen       total 78336K, used 16090K [0x000000008d400000, 0x0000000092080000, 0x00000000d9c00000)
  object space 78336K, 20% used [0x000000008d400000,0x000000008e3b6938,0x0000000092080000)
 PSPermGen       total 32256K, used 31779K [0x0000000088200000, 0x000000008a180000, 0x000000008d400000)
  object space 32256K, 98% used [0x0000000088200000,0x000000008a108d50,0x000000008a180000)
Event: 39.358 GC heap after
Heap after GC invocations=8 (full 0):
 PSYoungGen      total 252416K, used 2336K [0x00000000d9c00000, 0x00000000e9f00000, 0x0000000100000000)
  eden space 241152K, 0% used [0x00000000d9c00000,0x00000000d9c00000,0x00000000e8780000)
  from space 11264K, 20% used [0x00000000e9300000,0x00000000e9548010,0x00000000e9e00000)
  to   space 11776K, 0% used [0x00000000e8780000,0x00000000e8780000,0x00000000e9300000)
 ParOldGen       total 78336K, used 17318K [0x000000008d400000, 0x0000000092080000, 0x00000000d9c00000)
  object space 78336K, 22% used [0x000000008d400000,0x000000008e4e9948,0x0000000092080000)
 PSPermGen       total 32256K, used 31779K [0x0000000088200000, 0x000000008a180000, 0x000000008d400000)
  object space 32256K, 98% used [0x0000000088200000,0x000000008a108d50,0x000000008a180000)
}
Event: 44.674 GC heap before
{Heap before GC invocations=9 (full 0):
 PSYoungGen      total 252416K, used 243488K [0x00000000d9c00000, 0x00000000e9f00000, 0x0000000100000000)
  eden space 241152K, 100% used [0x00000000d9c00000,0x00000000e8780000,0x00000000e8780000)
  from space 11264K, 20% used [0x00000000e9300000,0x00000000e9548010,0x00000000e9e00000)
  to   space 11776K, 0% used [0x00000000e8780000,0x00000000e8780000,0x00000000e9300000)
 ParOldGen       total 78336K, used 17318K [0x000000008d400000, 0x0000000092080000, 0x00000000d9c00000)
  object space 78336K, 22% used [0x000000008d400000,0x000000008e4e9948,0x0000000092080000)
 PSPermGen       total 32768K, used 32652K [0x0000000088200000, 0x000000008a200000, 0x000000008d400000)
  object space 32768K, 99% used [0x0000000088200000,0x000000008a1e3338,0x000000008a200000)
Event: 44.748 GC heap after
Heap after GC invocations=9 (full 0):
 PSYoungGen      total 252928K, used 8338K [0x00000000d9c00000, 0x00000000f2c00000, 0x0000000100000000)
  eden space 241152K, 0% used [0x00000000d9c00000,0x00000000d9c00000,0x00000000e8780000)
  from space 11776K, 70% used [0x00000000e8780000,0x00000000e8fa49c8,0x00000000e9300000)
  to   space 11776K, 0% used [0x00000000f2080000,0x00000000f2080000,0x00000000f2c00000)
 ParOldGen       total 78336K, used 19126K [0x000000008d400000, 0x0000000092080000, 0x00000000d9c00000)
  object space 78336K, 24% used [0x000000008d400000,0x000000008e6adbd0,0x0000000092080000)
 PSPermGen       total 32768K, used 32652K [0x0000000088200000, 0x000000008a200000, 0x000000008d400000)
  object space 32768K, 99% used [0x0000000088200000,0x000000008a1e3338,0x000000008a200000)
}
Event: 80.847 GC heap before
{Heap before GC invocations=10 (full 0):
 PSYoungGen      total 252928K, used 249490K [0x00000000d9c00000, 0x00000000f2c00000, 0x0000000100000000)
  eden space 241152K, 100% used [0x00000000d9c00000,0x00000000e8780000,0x00000000e8780000)
  from space 11776K, 70% used [0x00000000e8780000,0x00000000e8fa49c8,0x00000000e9300000)
  to   space 11776K, 0% used [0x00000000f2080000,0x00000000f2080000,0x00000000f2c00000)
 ParOldGen       total 78336K, used 19126K [0x000000008d400000, 0x0000000092080000, 0x00000000d9c00000)
  object space 78336K, 24% used [0x000000008d400000,0x000000008e6adbd0,0x0000000092080000)
 PSPermGen       total 40448K, used 40283K [0x0000000088200000, 0x000000008a980000, 0x000000008d400000)
  object space 40448K, 99% used [0x0000000088200000,0x000000008a956d58,0x000000008a980000)
Event: 81.160 GC heap after
Heap after GC invocations=10 (full 0):
 PSYoungGen      total 396800K, used 10685K [0x00000000d9c00000, 0x00000000f2e00000, 0x0000000100000000)
  eden space 385024K, 0% used [0x00000000d9c00000,0x00000000d9c00000,0x00000000f1400000)
  from space 11776K, 90% used [0x00000000f2080000,0x00000000f2aef400,0x00000000f2c00000)
  to   space 12800K, 0% used [0x00000000f1400000,0x00000000f1400000,0x00000000f2080000)
 ParOldGen       total 78336K, used 19582K [0x000000008d400000, 0x0000000092080000, 0x00000000d9c00000)
  object space 78336K, 24% used [0x000000008d400000,0x000000008e71fbe0,0x0000000092080000)
 PSPermGen       total 40448K, used 40283K [0x0000000088200000, 0x000000008a980000, 0x000000008d400000)
  object space 40448K, 99% used [0x0000000088200000,0x000000008a956d58,0x000000008a980000)
}
Event: 129.833 GC heap before
{Heap before GC invocations=11 (full 0):
 PSYoungGen      total 396800K, used 395709K [0x00000000d9c00000, 0x00000000f2e00000, 0x0000000100000000)
  eden space 385024K, 100% used [0x00000000d9c00000,0x00000000f1400000,0x00000000f1400000)
  from space 11776K, 90% used [0x00000000f2080000,0x00000000f2aef400,0x00000000f2c00000)
  to   space 12800K, 0% used [0x00000000f1400000,0x00000000f1400000,0x00000000f2080000)
 ParOldGen       total 78336K, used 19582K [0x000000008d400000, 0x0000000092080000, 0x00000000d9c00000)
  object space 78336K, 24% used [0x000000008d400000,0x000000008e71fbe0,0x0000000092080000)
 PSPermGen       total 40960K, used 40534K [0x0000000088200000, 0x000000008aa00000, 0x000000008d400000)
  object space 40960K, 98% used [0x0000000088200000,0x000000008a9959c8,0x000000008aa00000)

