# JRE version: Java(TM) SE Runtime Environment (7.0_67-b01) (build 1.7.0_67-b01)
# Java VM: Java HotSpot(TM) 64-Bit Server VM (24.65-b04 mixed mode linux-amd64 compressed oops)
Heap
 PSYoungGen      total 132096K, used 4480K [0x00000000d9c00000, 0x00000000e2800000, 0x0000000100000000)
  eden space 120832K, 0% used [0x00000000d9c00000,0x00000000d9c00000,0x00000000e1200000)
  from space 11264K, 39% used [0x00000000e1200000,0x00000000e1660010,0x00000000e1d00000)
  to   space 10752K, 0% used [0x00000000e1d80000,0x00000000e1d80000,0x00000000e2800000)
 ParOldGen       total 78336K, used 15658K [0x000000008d400000, 0x0000000092080000, 0x00000000d9c00000)
  object space 78336K, 19% used [0x000000008d400000,0x000000008e34aa28,0x0000000092080000)
 PSPermGen       total 32256K, used 31773K [0x0000000088200000, 0x000000008a180000, 0x000000008d400000)
  object space 32256K, 98% used [0x0000000088200000,0x000000008a107518,0x000000008a180000)
GC Heap History (10 events):
Event: 14.688 GC heap after
Heap after GC invocations=2 (full 0):
 PSYoungGen      total 34816K, used 4592K [0x00000000d9c00000, 0x00000000dc280000, 0x0000000100000000)
  eden space 30208K, 0% used [0x00000000d9c00000,0x00000000d9c00000,0x00000000db980000)
  from space 4608K, 99% used [0x00000000dbe00000,0x00000000dc27c2b8,0x00000000dc280000)
  to   space 4608K, 0% used [0x00000000db980000,0x00000000db980000,0x00000000dbe00000)
 ParOldGen       total 78336K, used 3547K [0x000000008d400000, 0x0000000092080000, 0x00000000d9c00000)
  object space 78336K, 4% used [0x000000008d400000,0x000000008d776f40,0x0000000092080000)
 PSPermGen       total 21504K, used 17697K [0x0000000088200000, 0x0000000089700000, 0x000000008d400000)
  object space 21504K, 82% used [0x0000000088200000,0x0000000089348780,0x0000000089700000)
}
Event: 25.288 GC heap before
{Heap before GC invocations=3 (full 0):
 PSYoungGen      total 34816K, used 34800K [0x00000000d9c00000, 0x00000000dc280000, 0x0000000100000000)
  eden space 30208K, 100% used [0x00000000d9c00000,0x00000000db980000,0x00000000db980000)
  from space 4608K, 99% used [0x00000000dbe00000,0x00000000dc27c2b8,0x00000000dc280000)
  to   space 4608K, 0% used [0x00000000db980000,0x00000000db980000,0x00000000dbe00000)
 ParOldGen       total 78336K, used 3547K [0x000000008d400000, 0x0000000092080000, 0x00000000d9c00000)
  object space 78336K, 4% used [0x000000008d400000,0x000000008d776f40,0x0000000092080000)
 PSPermGen       total 21504K, used 21346K [0x0000000088200000, 0x0000000089700000, 0x000000008d400000)
  object space 21504K, 99% used [0x0000000088200000,0x00000000896d8858,0x0000000089700000)
Event: 25.463 GC heap after
Heap after GC invocations=3 (full 0):
 PSYoungGen      total 34816K, used 4580K [0x00000000d9c00000, 0x00000000de000000, 0x0000000100000000)
  eden space 30208K, 0% used [0x00000000d9c00000,0x00000000d9c00000,0x00000000db980000)
  from space 4608K, 99% used [0x00000000db980000,0x00000000dbdf9020,0x00000000dbe00000)
  to   space 4608K, 0% used [0x00000000ddb80000,0x00000000ddb80000,0x00000000de000000)
 ParOldGen       total 78336K, used 6728K [0x000000008d400000, 0x0000000092080000, 0x00000000d9c00000)
  object space 78336K, 8% used [0x000000008d400000,0x000000008da92170,0x0000000092080000)
 PSPermGen       total 21504K, used 21346K [0x0000000088200000, 0x0000000089700000, 0x000000008d400000)
  object space 21504K, 99% used [0x0000000088200000,0x00000000896d8858,0x0000000089700000)
}
Event: 29.137 GC heap before
{Heap before GC invocations=4 (full 0):
 PSYoungGen      total 34816K, used 34788K [0x00000000d9c00000, 0x00000000de000000, 0x0000000100000000)
  eden space 30208K, 100% used [0x00000000d9c00000,0x00000000db980000,0x00000000db980000)
  from space 4608K, 99% used [0x00000000db980000,0x00000000dbdf9020,0x00000000dbe00000)
  to   space 4608K, 0% used [0x00000000ddb80000,0x00000000ddb80000,0x00000000de000000)
 ParOldGen       total 78336K, used 6728K [0x000000008d400000, 0x0000000092080000, 0x00000000d9c00000)
  object space 78336K, 8% used [0x000000008d400000,0x000000008da92170,0x0000000092080000)
 PSPermGen       total 22016K, used 21767K [0x0000000088200000, 0x0000000089780000, 0x000000008d400000)
  object space 22016K, 98% used [0x0000000088200000,0x0000000089741f68,0x0000000089780000)
Event: 29.219 GC heap after
Heap after GC invocations=4 (full 0):
 PSYoungGen      total 65024K, used 4596K [0x00000000d9c00000, 0x00000000de000000, 0x0000000100000000)
  eden space 60416K, 0% used [0x00000000d9c00000,0x00000000d9c00000,0x00000000dd700000)
  from space 4608K, 99% used [0x00000000ddb80000,0x00000000ddffd030,0x00000000de000000)
  to   space 4608K, 0% used [0x00000000dd700000,0x00000000dd700000,0x00000000ddb80000)
 ParOldGen       total 78336K, used 7616K [0x000000008d400000, 0x0000000092080000, 0x00000000d9c00000)
  object space 78336K, 9% used [0x000000008d400000,0x000000008db70270,0x0000000092080000)
 PSPermGen       total 22016K, used 21767K [0x0000000088200000, 0x0000000089780000, 0x000000008d400000)
  object space 22016K, 98% used [0x0000000088200000,0x0000000089741f68,0x0000000089780000)
}
Event: 36.421 GC heap before
{Heap before GC invocations=5 (full 0):
 PSYoungGen      total 65024K, used 65012K [0x00000000d9c00000, 0x00000000de000000, 0x0000000100000000)
  eden space 60416K, 100% used [0x00000000d9c00000,0x00000000dd700000,0x00000000dd700000)
  from space 4608K, 99% used [0x00000000ddb80000,0x00000000ddffd030,0x00000000de000000)
  to   space 4608K, 0% used [0x00000000dd700000,0x00000000dd700000,0x00000000ddb80000)
 ParOldGen       total 78336K, used 7616K [0x000000008d400000, 0x0000000092080000, 0x00000000d9c00000)
  object space 78336K, 9% used [0x000000008d400000,0x000000008db70270,0x0000000092080000)
 PSPermGen       total 27648K, used 27388K [0x0000000088200000, 0x0000000089d00000, 0x000000008d400000)
  object space 27648K, 99% used [0x0000000088200000,0x0000000089cbf028,0x0000000089d00000)
Event: 36.877 GC heap after
Heap after GC invocations=5 (full 0):
 PSYoungGen      total 65024K, used 4576K [0x00000000d9c00000, 0x00000000e2900000, 0x0000000100000000)
  eden space 60416K, 0% used [0x00000000d9c00000,0x00000000d9c00000,0x00000000dd700000)
  from space 4608K, 99% used [0x00000000dd700000,0x00000000ddb78020,0x00000000ddb80000)
  to   space 11776K, 0% used [0x00000000e1d80000,0x00000000e1d80000,0x00000000e2900000)
 ParOldGen       total 78336K, used 13802K [0x000000008d400000, 0x0000000092080000, 0x00000000d9c00000)
  object space 78336K, 17% used [0x000000008d400000,0x000000008e17ab30,0x0000000092080000)
 PSPermGen       total 27648K, used 27388K [0x0000000088200000, 0x0000000089d00000, 0x000000008d400000)
  object space 27648K, 99% used [0x0000000088200000,0x0000000089cbf028,0x0000000089d00000)
}
Event: 49.696 GC heap before
{Heap before GC invocations=6 (full 0):
 PSYoungGen      total 65024K, used 64992K [0x00000000d9c00000, 0x00000000e2900000, 0x0000000100000000)
  eden space 60416K, 100% used [0x00000000d9c00000,0x00000000dd700000,0x00000000dd700000)
  from space 4608K, 99% used [0x00000000dd700000,0x00000000ddb78020,0x00000000ddb80000)
  to   space 11776K, 0% used [0x00000000e1d80000,0x00000000e1d80000,0x00000000e2900000)
 ParOldGen       total 78336K, used 13802K [0x000000008d400000, 0x0000000092080000, 0x00000000d9c00000)
  object space 78336K, 17% used [0x000000008d400000,0x000000008e17ab30,0x0000000092080000)
 PSPermGen       total 31232K, used 31093K [0x0000000088200000, 0x000000008a080000, 0x000000008d400000)
  object space 31232K, 99% used [0x0000000088200000,0x000000008a05d5a0,0x000000008a080000)
Event: 49.827 GC heap after
Heap after GC invocations=6 (full 0):
 PSYoungGen      total 131584K, used 7315K [0x00000000d9c00000, 0x00000000e2800000, 0x0000000100000000)
  eden space 120832K, 0% used [0x00000000d9c00000,0x00000000d9c00000,0x00000000e1200000)
  from space 10752K, 68% used [0x00000000e1d80000,0x00000000e24a4f90,0x00000000e2800000)
  to   space 11264K, 0% used [0x00000000e1200000,0x00000000e1200000,0x00000000e1d00000)
 ParOldGen       total 78336K, used 13802K [0x000000008d400000, 0x0000000092080000, 0x00000000d9c00000)
  object space 78336K, 17% used [0x000000008d400000,0x000000008e17ab30,0x0000000092080000)
 PSPermGen       total 31232K, used 31093K [0x0000000088200000, 0x000000008a080000, 0x000000008d400000)
  object space 31232K, 99% used [0x0000000088200000,0x000000008a05d5a0,0x000000008a080000)
}
Event: 57.211 GC heap before
{Heap before GC invocations=7 (full 0):
 PSYoungGen      total 131584K, used 128147K [0x00000000d9c00000, 0x00000000e2800000, 0x0000000100000000)
  eden space 120832K, 100% used [0x00000000d9c00000,0x00000000e1200000,0x00000000e1200000)
  from space 10752K, 68% used [0x00000000e1d80000,0x00000000e24a4f90,0x00000000e2800000)
  to   space 11264K, 0% used [0x00000000e1200000,0x00000000e1200000,0x00000000e1d00000)
 ParOldGen       total 78336K, used 13802K [0x000000008d400000, 0x0000000092080000, 0x00000000d9c00000)
  object space 78336K, 17% used [0x000000008d400000,0x000000008e17ab30,0x0000000092080000)
 PSPermGen       total 32256K, used 31773K [0x0000000088200000, 0x000000008a180000, 0x000000008d400000)
  object space 32256K, 98% used [0x0000000088200000,0x000000008a107518,0x000000008a180000)

