# JRE version: Java(TM) SE Runtime Environment (7.0_67-b01) (build 1.7.0_67-b01)
# Java VM: Java HotSpot(TM) 64-Bit Server VM (24.65-b04 mixed mode linux-amd64 compressed oops)
Heap
 PSYoungGen      total 397824K, used 9664K [0x00000000d9c00000, 0x00000000f2e00000, 0x0000000100000000)
  eden space 385024K, 0% used [0x00000000d9c00000,0x00000000d9c00000,0x00000000f1400000)
  from space 12800K, 75% used [0x00000000f1400000,0x00000000f1d70030,0x00000000f2080000)
  to   space 11776K, 0% used [0x00000000f2080000,0x00000000f2080000,0x00000000f2c00000)
 ParOldGen       total 78336K, used 21981K [0x000000008d400000, 0x0000000092080000, 0x00000000d9c00000)
  object space 78336K, 28% used [0x000000008d400000,0x000000008e9774a8,0x0000000092080000)
 PSPermGen       total 40960K, used 40536K [0x0000000088200000, 0x000000008aa00000, 0x000000008d400000)
  object space 40960K, 98% used [0x0000000088200000,0x000000008a9961a8,0x000000008aa00000)
GC Heap History (10 events):
Event: 24.598 GC heap after
Heap after GC invocations=6 (full 0):
 PSYoungGen      total 131584K, used 7340K [0x00000000d9c00000, 0x00000000e2800000, 0x0000000100000000)
  eden space 120832K, 0% used [0x00000000d9c00000,0x00000000d9c00000,0x00000000e1200000)
  from space 10752K, 68% used [0x00000000e1d80000,0x00000000e24ab370,0x00000000e2800000)
  to   space 11264K, 0% used [0x00000000e1200000,0x00000000e1200000,0x00000000e1d00000)
 ParOldGen       total 78336K, used 13820K [0x000000008d400000, 0x0000000092080000, 0x00000000d9c00000)
  object space 78336K, 17% used [0x000000008d400000,0x000000008e17f0c0,0x0000000092080000)
 PSPermGen       total 31232K, used 31107K [0x0000000088200000, 0x000000008a080000, 0x000000008d400000)
  object space 31232K, 99% used [0x0000000088200000,0x000000008a060e90,0x000000008a080000)
}
Event: 28.548 GC heap before
{Heap before GC invocations=7 (full 0):
 PSYoungGen      total 131584K, used 128172K [0x00000000d9c00000, 0x00000000e2800000, 0x0000000100000000)
  eden space 120832K, 100% used [0x00000000d9c00000,0x00000000e1200000,0x00000000e1200000)
  from space 10752K, 68% used [0x00000000e1d80000,0x00000000e24ab370,0x00000000e2800000)
  to   space 11264K, 0% used [0x00000000e1200000,0x00000000e1200000,0x00000000e1d00000)
 ParOldGen       total 78336K, used 13820K [0x000000008d400000, 0x0000000092080000, 0x00000000d9c00000)
  object space 78336K, 17% used [0x000000008d400000,0x000000008e17f0c0,0x0000000092080000)
 PSPermGen       total 31744K, used 31702K [0x0000000088200000, 0x000000008a100000, 0x000000008d400000)
  object space 31744K, 99% used [0x0000000088200000,0x000000008a0f5898,0x000000008a100000)
Event: 28.637 GC heap after
Heap after GC invocations=7 (full 0):
 PSYoungGen      total 132096K, used 4320K [0x00000000d9c00000, 0x00000000e9e00000, 0x0000000100000000)
  eden space 120832K, 0% used [0x00000000d9c00000,0x00000000d9c00000,0x00000000e1200000)
  from space 11264K, 38% used [0x00000000e1200000,0x00000000e1638010,0x00000000e1d00000)
  to   space 11264K, 0% used [0x00000000e9300000,0x00000000e9300000,0x00000000e9e00000)
 ParOldGen       total 78336K, used 15790K [0x000000008d400000, 0x0000000092080000, 0x00000000d9c00000)
  object space 78336K, 20% used [0x000000008d400000,0x000000008e36bad8,0x0000000092080000)
 PSPermGen       total 31744K, used 31702K [0x0000000088200000, 0x000000008a100000, 0x000000008d400000)
  object space 31744K, 99% used [0x0000000088200000,0x000000008a0f5898,0x000000008a100000)
}
Event: 28.998 GC heap before
{Heap before GC invocations=8 (full 0):
 PSYoungGen      total 132096K, used 125152K [0x00000000d9c00000, 0x00000000e9e00000, 0x0000000100000000)
  eden space 120832K, 100% used [0x00000000d9c00000,0x00000000e1200000,0x00000000e1200000)
  from space 11264K, 38% used [0x00000000e1200000,0x00000000e1638010,0x00000000e1d00000)
  to   space 11264K, 0% used [0x00000000e9300000,0x00000000e9300000,0x00000000e9e00000)
 ParOldGen       total 78336K, used 15790K [0x000000008d400000, 0x0000000092080000, 0x00000000d9c00000)
  object space 78336K, 20% used [0x000000008d400000,0x000000008e36bad8,0x0000000092080000)
 PSPermGen       total 31744K, used 31702K [0x0000000088200000, 0x000000008a100000, 0x000000008d400000)
  object space 31744K, 99% used [0x0000000088200000,0x000000008a0f5950,0x000000008a100000)
Event: 29.045 GC heap after
Heap after GC invocations=8 (full 0):
 PSYoungGen      total 252416K, used 2624K [0x00000000d9c00000, 0x00000000e9f00000, 0x0000000100000000)
  eden space 241152K, 0% used [0x00000000d9c00000,0x00000000d9c00000,0x00000000e8780000)
  from space 11264K, 23% used [0x00000000e9300000,0x00000000e9590010,0x00000000e9e00000)
  to   space 11776K, 0% used [0x00000000e8780000,0x00000000e8780000,0x00000000e9300000)
 ParOldGen       total 78336K, used 17210K [0x000000008d400000, 0x0000000092080000, 0x00000000d9c00000)
  object space 78336K, 21% used [0x000000008d400000,0x000000008e4ceae8,0x0000000092080000)
 PSPermGen       total 31744K, used 31702K [0x0000000088200000, 0x000000008a100000, 0x000000008d400000)
  object space 31744K, 99% used [0x0000000088200000,0x000000008a0f5950,0x000000008a100000)
}
Event: 36.862 GC heap before
{Heap before GC invocations=9 (full 0):
 PSYoungGen      total 252416K, used 243776K [0x00000000d9c00000, 0x00000000e9f00000, 0x0000000100000000)
  eden space 241152K, 100% used [0x00000000d9c00000,0x00000000e8780000,0x00000000e8780000)
  from space 11264K, 23% used [0x00000000e9300000,0x00000000e9590010,0x00000000e9e00000)
  to   space 11776K, 0% used [0x00000000e8780000,0x00000000e8780000,0x00000000e9300000)
 ParOldGen       total 78336K, used 17210K [0x000000008d400000, 0x0000000092080000, 0x00000000d9c00000)
  object space 78336K, 21% used [0x000000008d400000,0x000000008e4ceae8,0x0000000092080000)
 PSPermGen       total 33280K, used 32829K [0x0000000088200000, 0x000000008a280000, 0x000000008d400000)
  object space 33280K, 98% used [0x0000000088200000,0x000000008a20f658,0x000000008a280000)
Event: 36.941 GC heap after
Heap after GC invocations=9 (full 0):
 PSYoungGen      total 252928K, used 8626K [0x00000000d9c00000, 0x00000000f2c00000, 0x0000000100000000)
  eden space 241152K, 0% used [0x00000000d9c00000,0x00000000d9c00000,0x00000000e8780000)
  from space 11776K, 73% used [0x00000000e8780000,0x00000000e8fecb88,0x00000000e9300000)
  to   space 11776K, 0% used [0x00000000f2080000,0x00000000f2080000,0x00000000f2c00000)
 ParOldGen       total 78336K, used 19327K [0x000000008d400000, 0x0000000092080000, 0x00000000d9c00000)
  object space 78336K, 24% used [0x000000008d400000,0x000000008e6dfd20,0x0000000092080000)
 PSPermGen       total 33280K, used 32829K [0x0000000088200000, 0x000000008a280000, 0x000000008d400000)
  object space 33280K, 98% used [0x0000000088200000,0x000000008a20f658,0x000000008a280000)
}
Event: 69.725 GC heap before
{Heap before GC invocations=10 (full 0):
 PSYoungGen      total 252928K, used 249778K [0x00000000d9c00000, 0x00000000f2c00000, 0x0000000100000000)
  eden space 241152K, 100% used [0x00000000d9c00000,0x00000000e8780000,0x00000000e8780000)
  from space 11776K, 73% used [0x00000000e8780000,0x00000000e8fecb88,0x00000000e9300000)
  to   space 11776K, 0% used [0x00000000f2080000,0x00000000f2080000,0x00000000f2c00000)
 ParOldGen       total 78336K, used 19327K [0x000000008d400000, 0x0000000092080000, 0x00000000d9c00000)
  object space 78336K, 24% used [0x000000008d400000,0x000000008e6dfd20,0x0000000092080000)
 PSPermGen       total 40448K, used 40316K [0x0000000088200000, 0x000000008a980000, 0x000000008d400000)
  object space 40448K, 99% used [0x0000000088200000,0x000000008a95f0c0,0x000000008a980000)
Event: 69.968 GC heap after
Heap after GC invocations=10 (full 0):
 PSYoungGen      total 396800K, used 10491K [0x00000000d9c00000, 0x00000000f2e00000, 0x0000000100000000)
  eden space 385024K, 0% used [0x00000000d9c00000,0x00000000d9c00000,0x00000000f1400000)
  from space 11776K, 89% used [0x00000000f2080000,0x00000000f2abec28,0x00000000f2c00000)
  to   space 12800K, 0% used [0x00000000f1400000,0x00000000f1400000,0x00000000f2080000)
 ParOldGen       total 78336K, used 19775K [0x000000008d400000, 0x0000000092080000, 0x00000000d9c00000)
  object space 78336K, 25% used [0x000000008d400000,0x000000008e74fd30,0x0000000092080000)
 PSPermGen       total 40448K, used 40316K [0x0000000088200000, 0x000000008a980000, 0x000000008d400000)
  object space 40448K, 99% used [0x0000000088200000,0x000000008a95f0c0,0x000000008a980000)
}
Event: 121.695 GC heap before
{Heap before GC invocations=11 (full 0):
 PSYoungGen      total 396800K, used 395515K [0x00000000d9c00000, 0x00000000f2e00000, 0x0000000100000000)
  eden space 385024K, 100% used [0x00000000d9c00000,0x00000000f1400000,0x00000000f1400000)
  from space 11776K, 89% used [0x00000000f2080000,0x00000000f2abec28,0x00000000f2c00000)
  to   space 12800K, 0% used [0x00000000f1400000,0x00000000f1400000,0x00000000f2080000)
 ParOldGen       total 78336K, used 19775K [0x000000008d400000, 0x0000000092080000, 0x00000000d9c00000)
  object space 78336K, 25% used [0x000000008d400000,0x000000008e74fd30,0x0000000092080000)
 PSPermGen       total 40960K, used 40536K [0x0000000088200000, 0x000000008aa00000, 0x000000008d400000)
  object space 40960K, 98% used [0x0000000088200000,0x000000008a9961a8,0x000000008aa00000)

